Software Version: 12.600.0.14
Embedded FlashPro5 programmer detected.
programmer 'E2001A6AEY' : FlashPro5
Opened 'C:\Creative-Eval-Board-master\SmartFusion2_Fabric\designer\Fabric_Top\Fabric_Top_fp\Fabric_Top.pro'
The 'open_project' command succeeded.
Warning: Programming is already enabled for device 'M2S025'.
The 'enable_device' command succeeded.
PPD file 'C:/Creative-Eval-Board-master/SmartFusion2_Fabric/designer/Fabric_Top/Fabric_Top.ppd' has been loaded successfully.
DESIGN : Fabric_Top;  CHECKSUM : DD5D;  PDB_VERSION : 1.0
The 'set_programming_file' command succeeded.
The 'set_programming_action' command succeeded.
programmer 'E2001A6AEY' : Scan Chain...
programmer 'E2001A6AEY' : Check Chain...
programmer 'E2001A6AEY' : Scan and Check Chain PASSED.
programmer 'E2001A6AEY' : device 'M2S025' : Executing action PROGRAM
programmer 'E2001A6AEY' : device 'M2S025' : Family: Igloo2
programmer 'E2001A6AEY' : device 'M2S025' : Product:      M2GL005
programmer 'E2001A6AEY' : device 'M2S025' : EXPORT ISC_ENABLE_RESULT[32] = 00796644
programmer 'E2001A6AEY' : device 'M2S025' : EXPORT CRCERR[1] = 0
programmer 'E2001A6AEY' : device 'M2S025' : EXPORT EDCERR[1] = 0
programmer 'E2001A6AEY' : device 'M2S025' : Programming FPGA Array...
programmer 'E2001A6AEY' : device 'M2S025' : EXPORT Fabric component digest[256] = 0752b000e45c8a9d83b3432a9ff92389683bd20ced3f8c88e79cb656e60c3712
programmer 'E2001A6AEY' : device 'M2S025' : ===================================================================================
programmer 'E2001A6AEY' : device 'M2S025' : EXPORT DSN[128] = f3b1a61c4e4b5aa5f9a667c7202643eb
programmer 'E2001A6AEY' : device 'M2S025' : ===================================================================================
programmer 'E2001A6AEY' : device 'M2S025' : Finished: Fri Aug 02 17:13:29 2019 (Elapsed time 00:00:34)
programmer 'E2001A6AEY' : device 'M2S025' : Executing action PROGRAM PASSED.
programmer 'E2001A6AEY' : Chain programming PASSED.
Chain Programming Finished: Fri Aug 02 17:13:29 2019 (Elapsed time 00:00:34)

                        o - o - o - o - o - o

The 'run_selected_actions' command succeeded.
The 'set_programming_file' command succeeded.
Project saved.
The 'save_project' command succeeded.
Project closed.
Exported log file C:\Creative-Eval-Board-master\SmartFusion2_Fabric\designer\Fabric_Top\Fabric_Top_fp\Fabric_Top.log.
The 'close_project' command succeeded.
The Execute Script command succeeded.
