
Copyright (C) 1994-2018 Synopsys, Inc.
This Synopsys software and all associated documentation are proprietary to Synopsys, Inc.
and may only be used pursuant to the terms and conditions of a written license agreement
with Synopsys, Inc. All other use, reproduction, modification, or distribution of the
Synopsys software or the associated documentation is strictly prohibited.
Tool: Synplify Pro (R)
Build: N-2018.03M-SP1-1
Install: C:\Microsemi\Libero_SoC_v12.1\SynplifyPro
OS: Windows 6.2

Hostname: ELNO-OLBE2

Implementation : synthesis

# Written on Fri Aug  2 17:11:18 2019

##### FILES SYNTAX CHECKED ##############################################
Constraint File(s):      "C:\Creative-Eval-Board-master\SmartFusion2_Fabric\designer\Fabric_Top\synthesis.fdc"

#Run constraint checker to find more issues with constraints.
#########################################################################



No issues found in constraint syntax.



Clock Summary
*************

          Start                                             Requested     Requested     Clock        Clock                   Clock
Level     Clock                                             Frequency     Period        Type         Group                   Load 
----------------------------------------------------------------------------------------------------------------------------------
0 -       System                                            100.0 MHz     10.000        system       system_clkgroup         0    
                                                                                                                                  
0 -       FCCC_C0_FCCC_C0_0_FCCC|GL0_net_inferred_clock     100.0 MHz     10.000        inferred     Inferred_clkgroup_0     21   
                                                                                                                                  
0 -       LED_ctrl|counter_inferred_clock[17]               100.0 MHz     10.000        inferred     Inferred_clkgroup_1     4    
==================================================================================================================================


Clock Load Summary
******************

                                                  Clock     Source                                   Clock Pin                    Non-clock Pin     Non-clock Pin                    
Clock                                             Load      Pin                                      Seq Example                  Seq Example       Comb Example                     
-------------------------------------------------------------------------------------------------------------------------------------------------------------------------------------
System                                            0         -                                        -                            -                 -                                
                                                                                                                                                                                     
FCCC_C0_FCCC_C0_0_FCCC|GL0_net_inferred_clock     21        FCCC_0.FCCC_C0_0.CCC_INST.GL0(CCC)       LED_ctrl_0.pb_reg1.C         -                 FCCC_0.FCCC_C0_0.GL0_INST.I(BUFG)
                                                                                                                                                                                     
LED_ctrl|counter_inferred_clock[17]               4         LED_ctrl_0.counter[18:0].Q[17](dffr)     LED_ctrl_0.sh_lft[3:0].C     -                 -                                
=====================================================================================================================================================================================
