
Copyright (C) 1994-2018 Synopsys, Inc.
This Synopsys software and all associated documentation are proprietary to Synopsys, Inc.
and may only be used pursuant to the terms and conditions of a written license agreement
with Synopsys, Inc. All other use, reproduction, modification, or distribution of the
Synopsys software or the associated documentation is strictly prohibited.
Tool: Synplify Pro (R)
Build: N-2018.03M-SP1-1
Install: C:\Microsemi\Libero_SoC_v12.1\SynplifyPro
OS: Windows 6.2

Hostname: ELNO-OLBE2

Implementation : synthesis

# Written on Fri Aug  2 17:11:18 2019

##### DESIGN INFO #######################################################

Top View:                "Fabric_Top"
Constraint File(s):      "C:\Creative-Eval-Board-master\SmartFusion2_Fabric\designer\Fabric_Top\synthesis.fdc"




##### SUMMARY ############################################################

Found 0 issues in 0 out of 0 constraints


##### DETAILS ############################################################



Clock Relationships
*******************

Starting                                          Ending                                            |     rise to rise     |     fall to fall     |     rise to fall     |     fall to rise                     
---------------------------------------------------------------------------------------------------------------------------------------------------------------------------------------------------------------
System                                            System                                            |     10.000           |     No paths         |     No paths         |     No paths                         
System                                            FCCC_C0_FCCC_C0_0_FCCC|GL0_net_inferred_clock     |     10.000           |     No paths         |     No paths         |     No paths                         
System                                            LED_ctrl|counter_inferred_clock[17]               |     10.000           |     No paths         |     No paths         |     No paths                         
FCCC_C0_FCCC_C0_0_FCCC|GL0_net_inferred_clock     FCCC_C0_FCCC_C0_0_FCCC|GL0_net_inferred_clock     |     10.000           |     No paths         |     No paths         |     No paths                         
LED_ctrl|counter_inferred_clock[17]               LED_ctrl|counter_inferred_clock[17]               |     10.000           |     No paths         |     No paths         |     No paths                         
===============================================================================================================================================================================================================
 Note: 'No paths' indicates there are no paths in the design for that pair of clock edges.
       'Diff grp' indicates that paths exist but the starting clock and ending clock are in different clock groups.


Unconstrained Start/End Points
******************************

p:DEVRST_N
p:LED[0]
p:LED[1]
p:LED[2]
p:LED[3]
p:PB_SW


Inapplicable constraints
************************

(none)


Applicable constraints with issues
**********************************

(none)


Constraints with matching wildcard expressions
**********************************************

(none)


Library Report
**************


# End of Constraint Checker Report
