
Starting:    C:\Microsemi\Libero_SoC_v12.1\SynplifyPro\bin64\mbin\synbatch.exe
Install:     C:\Microsemi\Libero_SoC_v12.1\SynplifyPro
Hostname:    ELNO-OLBE2
Date:        Fri Aug  2 17:11:16 2019
Version:     N-2018.03M-SP1-1

Arguments:   -product synplify_pro -licensetype synplifypro_actel -batch -log synplify.log Fabric_Top_syn.tcl
ProductType: synplify_pro

License checkout: synplifypro_actel
License: synplifypro_actel node-locked 
Licensed Vendor: actel
License Option: actel_oem

Running in Vendor Mode

auto_infer_blackbox is not supported in current product.
log file: "C:\Creative-Eval-Board-master\SmartFusion2_Fabric\synthesis\Fabric_Top.srr"
Running: synthesis in foreground

Running Fabric_Top_syn|synthesis

Running Flow: compile (Compile) on Fabric_Top_syn|synthesis
# Fri Aug  2 17:11:16 2019

Running Flow: compile_flow (Compile Process) on Fabric_Top_syn|synthesis
# Fri Aug  2 17:11:16 2019

Running: compiler (Compile Input) on Fabric_Top_syn|synthesis
# Fri Aug  2 17:11:16 2019
Copied C:\Creative-Eval-Board-master\SmartFusion2_Fabric\synthesis\synwork\Fabric_Top_comp.srs to C:\Creative-Eval-Board-master\SmartFusion2_Fabric\synthesis\Fabric_Top.srs

compiler completed
# Fri Aug  2 17:11:18 2019

Return Code: 0
Run Time:00h:00m:02s

Running: multi_srs_gen (Multi-srs Generator) on Fabric_Top_syn|synthesis
# Fri Aug  2 17:11:18 2019

multi_srs_gen completed
# Fri Aug  2 17:11:18 2019

Return Code: 0
Run Time:00h:00m:00s
Copied C:\Creative-Eval-Board-master\SmartFusion2_Fabric\synthesis\synwork\Fabric_Top_mult.srs to C:\Creative-Eval-Board-master\SmartFusion2_Fabric\synthesis\Fabric_Top.srs
Complete: Compile Process on Fabric_Top_syn|synthesis

Running: premap (Premap) on Fabric_Top_syn|synthesis
# Fri Aug  2 17:11:18 2019

premap completed with warnings
# Fri Aug  2 17:11:19 2019

Return Code: 1
Run Time:00h:00m:01s
Complete: Compile on Fabric_Top_syn|synthesis

Running Flow: map (Map) on Fabric_Top_syn|synthesis
# Fri Aug  2 17:11:19 2019
License granted for 4 parallel jobs

Running: fpga_mapper (Map & Optimize) on Fabric_Top_syn|synthesis
# Fri Aug  2 17:11:19 2019
Copied C:\Creative-Eval-Board-master\SmartFusion2_Fabric\synthesis\synwork\Fabric_Top_m.srm to C:\Creative-Eval-Board-master\SmartFusion2_Fabric\synthesis\Fabric_Top.srm

fpga_mapper completed with warnings
# Fri Aug  2 17:11:20 2019

Return Code: 1
Run Time:00h:00m:01s
Complete: Map on Fabric_Top_syn|synthesis
Complete: Logic Synthesis on Fabric_Top_syn|synthesis
TCL script complete: "Fabric_Top_syn.tcl"
exit status=0
exit status=0
License checkin: synplifypro_actel
