Resource Usage Report for Fabric_Top 

Mapping to part: m2s025vf256std
Cell usage:
AND2            1 use
CCC             1 use
CLKINT          3 uses
RCOSC_25_50MHZ  1 use
SYSRESET        1 use
CFG1           1 use
CFG4           4 uses

Carry cells:
ARI1            36 uses - used for arithmetic functions


Sequential Cells: 
SLE            25 uses

DSP Blocks:    0 of 34 (0%)

I/O ports: 6
I/O primitives: 5
INBUF          1 use
OUTBUF         4 uses


Global Clock Buffers: 3

Total LUTs:    41

Extra resources required for RAM and MACC interface logic during P&R:

RAM64x18 Interface Logic : SLEs = 0; LUTs = 0;
RAM1K18  Interface Logic : SLEs = 0; LUTs = 0;
MACC     Interface Logic : SLEs = 0; LUTs = 0;

Total number of SLEs after P&R:  25 + 0 + 0 + 0 = 25;
Total number of LUTs after P&R:  41 + 0 + 0 + 0 = 41;

